


ARM Macro Assembler    Page 1 


    1 00000000         ;/******************************************************
                       ***********************/
    2 00000000         ; OSasm.s: low-level OS commands, written in assembly   
                                           */
    3 00000000         ; Runs on LM4F120/TM4C123
    4 00000000         ; A very simple real time operating system with minimal 
                       features.
    5 00000000         ; Daniel Valvano
    6 00000000         ; January 29, 2015
    7 00000000         ;
    8 00000000         ; This example accompanies the book
    9 00000000         ;  "Embedded Systems: Real Time Interfacing to ARM Corte
                       x M Microcontrollers",
   10 00000000         ;  ISBN: 978-1463590154, Jonathan Valvano, copyright (c)
                        2015
   11 00000000         ;
   12 00000000         ;  Programs 4.4 through 4.12, section 4.2
   13 00000000         ;
   14 00000000         ;Copyright 2015 by Jonathan W. Valvano, valvano@mail.ute
                       xas.edu
   15 00000000         ;    You may use, edit, run or distribute this file
   16 00000000         ;    as long as the above copyright notice remains
   17 00000000         ; THIS SOFTWARE IS PROVIDED "AS IS".  NO WARRANTIES, WHE
                       THER EXPRESS, IMPLIED
   18 00000000         ; OR STATUTORY, INCLUDING, BUT NOT LIMITED TO, IMPLIED W
                       ARRANTIES OF
   19 00000000         ; MERCHANTABILITY AND FITNESS FOR A PARTICULAR PURPOSE A
                       PPLY TO THIS SOFTWARE.
   20 00000000         ; VALVANO SHALL NOT, IN ANY CIRCUMSTANCES, BE LIABLE FOR
                        SPECIAL, INCIDENTAL,
   21 00000000         ; OR CONSEQUENTIAL DAMAGES, FOR ANY REASON WHATSOEVER.
   22 00000000         ; For more information about my classes, my research, an
                       d my books, see
   23 00000000         ; http://users.ece.utexas.edu/~valvano/
   24 00000000         ; */
   25 00000000         
   26 00000000                 AREA             |.text|, CODE, READONLY, ALIGN=
2
   27 00000000                 THUMB
   28 00000000                 REQUIRE8
   29 00000000                 PRESERVE8
   30 00000000         
   31 00000000                 EXTERN           RunPt       ; currently running
                                                             thread
   32 00000000                 EXPORT           OS_DisableInterrupts
   33 00000000                 EXPORT           OS_EnableInterrupts
   34 00000000                 EXPORT           StartOS
   35 00000000                 EXPORT           PendSV_Handler
   36 00000000         
   37 00000000 E000ED04 
                       NVIC_INT_CTRL
                               EQU              0xE000ED04  ; Interrupt control
                                                             state register.
   38 00000000 E000ED22 
                       NVIC_SYSPRI14
                               EQU              0xE000ED22  ; PendSV priority r
                                                            egister (position 1
                                                            4).
   39 00000000 E000ED23 



ARM Macro Assembler    Page 2 


                       NVIC_SYSPRI15
                               EQU              0xE000ED23  ; Systick priority 
                                                            register (position 
                                                            15).
   40 00000000 000000EF 
                       NVIC_LEVEL14
                               EQU              0xEF        ; Systick priority 
                                                            value (second lowes
                                                            t).
   41 00000000 000000FF 
                       NVIC_LEVEL15
                               EQU              0xFF        ; PendSV priority v
                                                            alue (lowest).
   42 00000000 10000000 
                       NVIC_PENDSVSET
                               EQU              0x10000000  ; Value to trigger 
                                                            PendSV exception.
   43 00000000 E000E014 
                       NVIC_ST_RELOAD
                               EQU              0xE000E014
   44 00000000 E000E018 
                       NVIC_ST_CURRENT
                               EQU              0xE000E018
   45 00000000         
   46 00000000         
   47 00000000         OS_DisableInterrupts
   48 00000000 B672            CPSID            I
   49 00000002 4770            BX               LR
   50 00000004         
   51 00000004         
   52 00000004         OS_EnableInterrupts
   53 00000004 B662            CPSIE            I
   54 00000006 4770            BX               LR
   55 00000008         
   56 00000008         
   57 00000008         PendSV_Handler
   58 00000008 B672            CPSID            I           ; Prevent interrupt
                                                            ion during context 
                                                            switch
   59 0000000A E92D 0FF0       PUSH             {R4-R11}    ; Save remaining re
                                                            gs r4-11 
   60 0000000E 480D            LDR              R0, =RunPt  ; R0=pointer to Run
                                                            Pt, old thread
   61 00000010 6801            LDR              R1, [R0]    ; RunPt->stackPoint
                                                            er = SP;
   62 00000012 F8C1 D000       STR              SP, [R1]    ; save SP of proces
                                                            s being switched ou
                                                            t
   63 00000016 6849            LDR              R1, [R1,#4] ; 6) R1 = RunPt->ne
                                                            xt
   64 00000018 6001            STR              R1, [R0]    ;    RunPt = R1
   65 0000001A F8D1 D000       LDR              SP, [R1]    ; 7) new thread SP;
                                                             SP = RunPt->sp;
   66 0000001E E8BD 0FF0       POP              {R4-R11}    ; restore regs r4-1
                                                            1 
   67 00000022 B662            CPSIE            I           ; tasks run with I=
                                                            0
   68 00000024 4770            BX               LR          ; Exception return 
                                                            will restore remain



ARM Macro Assembler    Page 3 


                                                            ing context 
   69 00000026         
   70 00000026         StartOS
   71 00000026 4807            LDR              R0, =RunPt  ; currently running
                                                             thread
   72 00000028 6802            LDR              R2, [R0]    ; R2 = value of Run
                                                            Pt
   73 0000002A F8D2 D000       LDR              SP, [R2]    ; new thread SP; SP
                                                             = RunPt->stackPoin
                                                            ter;
   74 0000002E E8BD 0FF0       POP              {R4-R11}    ; restore regs r4-1
                                                            1
   75 00000032 BC0F            POP              {R0-R3}     ; restore regs r0-3
                                                            
   76 00000034 F85D CB04       POP              {R12}
   77 00000038 B001            ADD              SP,SP, #4
   78 0000003A F85D EB04       POP              {LR}        ; discard LR from i
                                                            nitial stack
   79 0000003E B001            ADD              SP, SP, #4  ; discard PSR
   80 00000040 B662            CPSIE            I           ; Enable interrupts
                                                             at processor level
                                                            
   81 00000042 4770            BX               LR          ; start first threa
                                                            d
   82 00000044         
   83 00000044         
   84 00000044                 ALIGN
   85 00000044                 END
              00000000 
Command Line: --debug --xref --cpu=Cortex-M4 --apcs=interwork --depend=.\osasm.
d -o.\osasm.o -IC:\Keil\ARM\RV31\INC -IC:\Keil\ARM\CMSIS\Include -IC:\Keil\ARM\
Inc\TI\TM4C123 --list=.\osasm.lst OSasm.s



ARM Macro Assembler    Page 1 Alphabetic symbol ordering
Relocatable symbols

.text 00000000

Symbol: .text
   Definitions
      At line 26 in file OSasm.s
   Uses
      None
Comment: .text unused
OS_DisableInterrupts 00000000

Symbol: OS_DisableInterrupts
   Definitions
      At line 47 in file OSasm.s
   Uses
      At line 32 in file OSasm.s
Comment: OS_DisableInterrupts used once
OS_EnableInterrupts 00000004

Symbol: OS_EnableInterrupts
   Definitions
      At line 52 in file OSasm.s
   Uses
      At line 33 in file OSasm.s
Comment: OS_EnableInterrupts used once
PendSV_Handler 00000008

Symbol: PendSV_Handler
   Definitions
      At line 57 in file OSasm.s
   Uses
      At line 35 in file OSasm.s
Comment: PendSV_Handler used once
StartOS 00000026

Symbol: StartOS
   Definitions
      At line 70 in file OSasm.s
   Uses
      At line 34 in file OSasm.s
Comment: StartOS used once
5 symbols



ARM Macro Assembler    Page 1 Alphabetic symbol ordering
Absolute symbols

NVIC_INT_CTRL E000ED04

Symbol: NVIC_INT_CTRL
   Definitions
      At line 37 in file OSasm.s
   Uses
      None
Comment: NVIC_INT_CTRL unused
NVIC_LEVEL14 000000EF

Symbol: NVIC_LEVEL14
   Definitions
      At line 40 in file OSasm.s
   Uses
      None
Comment: NVIC_LEVEL14 unused
NVIC_LEVEL15 000000FF

Symbol: NVIC_LEVEL15
   Definitions
      At line 41 in file OSasm.s
   Uses
      None
Comment: NVIC_LEVEL15 unused
NVIC_PENDSVSET 10000000

Symbol: NVIC_PENDSVSET
   Definitions
      At line 42 in file OSasm.s
   Uses
      None
Comment: NVIC_PENDSVSET unused
NVIC_ST_CURRENT E000E018

Symbol: NVIC_ST_CURRENT
   Definitions
      At line 44 in file OSasm.s
   Uses
      None
Comment: NVIC_ST_CURRENT unused
NVIC_ST_RELOAD E000E014

Symbol: NVIC_ST_RELOAD
   Definitions
      At line 43 in file OSasm.s
   Uses
      None
Comment: NVIC_ST_RELOAD unused
NVIC_SYSPRI14 E000ED22

Symbol: NVIC_SYSPRI14
   Definitions
      At line 38 in file OSasm.s
   Uses
      None
Comment: NVIC_SYSPRI14 unused
NVIC_SYSPRI15 E000ED23

Symbol: NVIC_SYSPRI15



ARM Macro Assembler    Page 2 Alphabetic symbol ordering
Absolute symbols

   Definitions
      At line 39 in file OSasm.s
   Uses
      None
Comment: NVIC_SYSPRI15 unused
8 symbols



ARM Macro Assembler    Page 1 Alphabetic symbol ordering
External symbols

RunPt 00000000

Symbol: RunPt
   Definitions
      At line 31 in file OSasm.s
   Uses
      At line 60 in file OSasm.s
      At line 71 in file OSasm.s

1 symbol
346 symbols in table
